[debug] [2025-08-19T16:13:36.362Z] ----------------------------------------------------------------------
[debug] [2025-08-19T16:13:36.365Z] Command:       D:\Program Files\nodejs\node.exe C:\Users\Anitha\AppData\Roaming\npm\node_modules\firebase-tools\lib\bin\firebase.js init hosting
[debug] [2025-08-19T16:13:36.365Z] CLI Version:   14.12.1
[debug] [2025-08-19T16:13:36.365Z] Platform:      win32
[debug] [2025-08-19T16:13:36.365Z] Node Version:  v22.18.0
[debug] [2025-08-19T16:13:36.365Z] Time:          Tue Aug 19 2025 21:43:36 GMT+0530 (India Standard Time)
[debug] [2025-08-19T16:13:36.365Z] ----------------------------------------------------------------------
[debug] 
[debug] [2025-08-19T16:13:36.370Z] > command requires scopes: ["email","openid","https://www.googleapis.com/auth/cloudplatformprojects.readonly","https://www.googleapis.com/auth/firebase","https://www.googleapis.com/auth/cloud-platform"]
[debug] [2025-08-19T16:13:36.371Z] > authorizing via signed-in user (suneethanaidu137@gmail.com)
[info] 
     ######## #### ########  ######## ########     ###     ######  ########
     ##        ##  ##     ## ##       ##     ##  ##   ##  ##       ##
     ######    ##  ########  ######   ########  #########  ######  ######
     ##        ##  ##    ##  ##       ##     ## ##     ##       ## ##
     ##       #### ##     ## ######## ########  ##     ##  ######  ########

You're about to initialize a Firebase project in this directory:

  C:\Users\Anitha\client

[info] 
=== Project Setup
[info] 
[info] First, let's associate this project directory with a Firebase project.
[info] You can create multiple project aliases by running firebase use --add, 
[info] but for now we'll just set up a default project.
[info] 
[debug] [2025-08-19T16:13:48.200Z] Checked if tokens are valid: true, expires at: 1755622315244
[debug] [2025-08-19T16:13:48.200Z] Checked if tokens are valid: true, expires at: 1755622315244
[debug] [2025-08-19T16:13:48.201Z] >>> [apiv2][query] GET https://firebase.googleapis.com/v1beta1/projects pageSize=100
[debug] [2025-08-19T16:13:49.317Z] <<< [apiv2][status] GET https://firebase.googleapis.com/v1beta1/projects 200
[debug] [2025-08-19T16:13:49.317Z] <<< [apiv2][body] GET https://firebase.googleapis.com/v1beta1/projects [omitted]
[info] i  Using project leave-b55eb (leave) 
[info] 
=== Hosting Setup
[debug] [2025-08-19T16:13:50.222Z] Checked if tokens are valid: true, expires at: 1755622315244
[debug] [2025-08-19T16:13:50.222Z] Checked if tokens are valid: true, expires at: 1755622315244
[debug] [2025-08-19T16:13:50.222Z] >>> [apiv2][query] GET https://firebase.googleapis.com/v1beta1/projects/leave-b55eb [none]
[debug] [2025-08-19T16:13:50.631Z] <<< [apiv2][status] GET https://firebase.googleapis.com/v1beta1/projects/leave-b55eb 200
[debug] [2025-08-19T16:13:50.631Z] <<< [apiv2][body] GET https://firebase.googleapis.com/v1beta1/projects/leave-b55eb {"projectId":"leave-b55eb","projectNumber":"136745589459","displayName":"leave","name":"projects/leave-b55eb","resources":{"hostingSite":"leave-b55eb"},"state":"ACTIVE","etag":"1_91312d04-6fd1-42f3-93ad-c2b8b80dff68"}
[info] 
[info] Your public directory is the folder (relative to your project directory) that
[info] will contain Hosting assets to be uploaded with firebase deploy. If you
[info] have a build process for your assets, use your build's output directory.
[info] 
[debug] [2025-08-19T16:13:58.035Z] >>> [apiv2][query] GET https://www.gstatic.com/firebasejs/releases.json [none]
[debug] [2025-08-19T16:13:58.290Z] <<< [apiv2][status] GET https://www.gstatic.com/firebasejs/releases.json 200
[debug] [2025-08-19T16:13:58.290Z] <<< [apiv2][body] GET https://www.gstatic.com/firebasejs/releases.json {"current":{"version":"12.1.0","browserURL":"https://www.gstatic.com/firebasejs/12.1.0/firebase.js","packageURL":"https://www.gstatic.com/firebasejs/12.1.0/firebase.tgz"},"live":{"version":"12.1","browserURL":"https://www.gstatic.com/firebasejs/live/12.1/firebase.js","packageURL":"https://www.gstatic.com/firebasejs/live/12.1/firebase.tgz"},"components":{"ai":"https://www.gstatic.com/firebasejs/12.1.0/firebase-ai.js","analytics":"https://www.gstatic.com/firebasejs/12.1.0/firebase-analytics.js","app":"https://www.gstatic.com/firebasejs/12.1.0/firebase-app.js","app-check":"https://www.gstatic.com/firebasejs/12.1.0/firebase-app-check.js","auth":"https://www.gstatic.com/firebasejs/12.1.0/firebase-auth.js","auth/cordova":"https://www.gstatic.com/firebasejs/12.1.0/firebase-auth/cordova.js","auth/web-extension":"https://www.gstatic.com/firebasejs/12.1.0/firebase-auth/web-extension.js","functions":"https://www.gstatic.com/firebasejs/12.1.0/firebase-functions.js","firestore":"https://www.gstatic.com/firebasejs/12.1.0/firebase-firestore.js","firestore/lite":"https://www.gstatic.com/firebasejs/12.1.0/firebase-firestore/lite.js","installations":"https://www.gstatic.com/firebasejs/12.1.0/firebase-installations.js","storage":"https://www.gstatic.com/firebasejs/12.1.0/firebase-storage.js","performance":"https://www.gstatic.com/firebasejs/12.1.0/firebase-performance.js","remote-config":"https://www.gstatic.com/firebasejs/12.1.0/firebase-remote-config.js","messaging":"https://www.gstatic.com/firebasejs/12.1.0/firebase-messaging.js","messaging/sw":"https://www.gstatic.com/firebasejs/12.1.0/firebase-messaging/sw.js","database":"https://www.gstatic.com/firebasejs/12.1.0/firebase-database.js","data-connect":"https://www.gstatic.com/firebasejs/12.1.0/firebase-data-connect.js","firestore.memory":"https://www.gstatic.com/firebasejs/12.1.0/firebase-firestore.memory.js"}}
[info] i  build/index.html is unchanged 
[info] 
[info] i  Detected a .git folder at C:\Users\Anitha\client 
[info] i  Authorizing with GitHub to upload your service account to a GitHub repository's secrets store. 
[info] 
[info] Visit this URL on this device to log in:
[info] https://github.com/login/oauth/authorize?client_id=89cf50f02ac6aaed3484&state=638280679&redirect_uri=http%3A%2F%2Flocalhost%3A9005&scope=read%3Auser%20repo%20public_repo
[info] 
[info] Waiting for authentication...
[debug] [2025-08-19T16:13:59.458Z] >>> [apiv2][query] POST https://github.com/login/oauth/access_token [none]
[debug] [2025-08-19T16:13:59.458Z] >>> [apiv2][body] POST https://github.com/login/oauth/access_token [stream]
[debug] [2025-08-19T16:14:00.159Z] <<< [apiv2][status] POST https://github.com/login/oauth/access_token 200
[debug] [2025-08-19T16:14:00.159Z] <<< [apiv2][body] POST https://github.com/login/oauth/access_token {"access_token":"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","token_type":"bearer","scope":"read:user,repo"}
[debug] [2025-08-19T16:14:00.163Z] >>> [apiv2][query] GET https://api.github.com/user [none]
[debug] [2025-08-19T16:14:00.729Z] <<< [apiv2][status] GET https://api.github.com/user 200
[debug] [2025-08-19T16:14:00.730Z] <<< [apiv2][body] GET https://api.github.com/user {"login":"SuneethaNaidu","id":189379186,"node_id":"U_kgDOC0mycg","avatar_url":"https://avatars.githubusercontent.com/u/189379186?v=4","gravatar_id":"","url":"https://api.github.com/users/SuneethaNaidu","html_url":"https://github.com/SuneethaNaidu","followers_url":"https://api.github.com/users/SuneethaNaidu/followers","following_url":"https://api.github.com/users/SuneethaNaidu/following{/other_user}","gists_url":"https://api.github.com/users/SuneethaNaidu/gists{/gist_id}","starred_url":"https://api.github.com/users/SuneethaNaidu/starred{/owner}{/repo}","subscriptions_url":"https://api.github.com/users/SuneethaNaidu/subscriptions","organizations_url":"https://api.github.com/users/SuneethaNaidu/orgs","repos_url":"https://api.github.com/users/SuneethaNaidu/repos","events_url":"https://api.github.com/users/SuneethaNaidu/events{/privacy}","received_events_url":"https://api.github.com/users/SuneethaNaidu/received_events","type":"User","user_view_type":"private","site_admin":false,"name":null,"company":null,"blog":"","location":null,"email":null,"hireable":null,"bio":null,"twitter_username":null,"notification_email":null,"public_repos":10,"public_gists":0,"followers":0,"following":0,"created_at":"2024-11-22T15:58:52Z","updated_at":"2025-08-10T10:09:23Z","private_gists":0,"total_private_repos":0,"owned_private_repos":0,"disk_usage":4850,"collaborators":0,"two_factor_authentication":false,"plan":{"name":"free","space":976562499,"collaborators":0,"private_repos":10000}}
[info] 
[info] +  Success! Logged into GitHub as SuneethaNaidu 
[info] 
[debug] [2025-08-19T16:14:26.097Z] >>> [apiv2][query] GET https://api.github.com/repos/  SuneethaNaidu/college-outpass/actions/secrets/public-key type=owner
[debug] [2025-08-19T16:14:26.622Z] <<< [apiv2][status] GET https://api.github.com/repos/  SuneethaNaidu/college-outpass/actions/secrets/public-key 404
[debug] [2025-08-19T16:14:26.622Z] <<< [apiv2][body] GET https://api.github.com/repos/  SuneethaNaidu/college-outpass/actions/secrets/public-key {"message":"Not Found","documentation_url":"https://docs.github.com/rest/actions/secrets#get-a-repository-public-key","status":"404"}
[info] 
[info] 
[error] !  The provided authorization cannot be used with this repository. If this repository is in an organization, did you remember to grant access? 
[info] 
[info] i  Action required: Visit this URL to ensure access has been granted to the appropriate organization(s) for the Firebase CLI GitHub OAuth App: 
[info] https://github.com/settings/connections/applications/89cf50f02ac6aaed3484
[info] 
